This is pdfTeX, Version 3.141592653-2.6-1.40.28 (TeX Live 2025) (preloaded format=pdflatex 2025.9.25)  25 OCT 2025 12:22
entering extended mode
 restricted \write18 enabled.
 %&-line parsing enabled.
**question5.tex
(./question5.tex
LaTeX2e <2025-06-01> patch level 1
L3 programming layer <2025-09-02>
(c:/texlive/2025/texmf-dist/tex/latex/base/article.cls
Document Class: article 2025/01/22 v1.4n Standard LaTeX document class
(c:/texlive/2025/texmf-dist/tex/latex/base/size10.clo
File: size10.clo 2025/01/22 v1.4n Standard LaTeX file (size option)
)
\c@part=\count275
\c@section=\count276
\c@subsection=\count277
\c@subsubsection=\count278
\c@paragraph=\count279
\c@subparagraph=\count280
\c@figure=\count281
\c@table=\count282
\abovecaptionskip=\skip49
\belowcaptionskip=\skip50
\bibindent=\dimen148
)
(c:/texlive/2025/texmf-dist/tex/latex/graphics/graphicx.sty
Package: graphicx 2024/12/31 v1.2e Enhanced LaTeX Graphics (DPC,SPQR)

(c:/texlive/2025/texmf-dist/tex/latex/graphics/keyval.sty
Package: keyval 2022/05/29 v1.15 key=value parser (DPC)
\KV@toks@=\toks17
)
(c:/texlive/2025/texmf-dist/tex/latex/graphics/graphics.sty
Package: graphics 2024/08/06 v1.4g Standard LaTeX Graphics (DPC,SPQR)

(c:/texlive/2025/texmf-dist/tex/latex/graphics/trig.sty
Package: trig 2023/12/02 v1.11 sin cos tan (DPC)
)
(c:/texlive/2025/texmf-dist/tex/latex/graphics-cfg/graphics.cfg
File: graphics.cfg 2016/06/04 v1.11 sample graphics configuration
)
Package graphics Info: Driver file: pdftex.def on input line 106.

(c:/texlive/2025/texmf-dist/tex/latex/graphics-def/pdftex.def
File: pdftex.def 2024/04/13 v1.2c Graphics/color driver for pdftex
))
\Gin@req@height=\dimen149
\Gin@req@width=\dimen150
)
(c:/texlive/2025/texmf-dist/tex/latex/l3backend/l3backend-pdftex.def
File: l3backend-pdftex.def 2025-06-09 L3 backend support: PDF output (pdfTeX)
\l__color_backend_stack_int=\count283
)
(./question5.aux)
\openout1 = `question5.aux'.

LaTeX Font Info:    Checking defaults for OML/cmm/m/it on input line 4.
LaTeX Font Info:    ... okay on input line 4.
LaTeX Font Info:    Checking defaults for OMS/cmsy/m/n on input line 4.
LaTeX Font Info:    ... okay on input line 4.
LaTeX Font Info:    Checking defaults for OT1/cmr/m/n on input line 4.
LaTeX Font Info:    ... okay on input line 4.
LaTeX Font Info:    Checking defaults for T1/cmr/m/n on input line 4.
LaTeX Font Info:    ... okay on input line 4.
LaTeX Font Info:    Checking defaults for TS1/cmr/m/n on input line 4.
LaTeX Font Info:    ... okay on input line 4.
LaTeX Font Info:    Checking defaults for OMX/cmex/m/n on input line 4.
LaTeX Font Info:    ... okay on input line 4.
LaTeX Font Info:    Checking defaults for U/cmr/m/n on input line 4.
LaTeX Font Info:    ... okay on input line 4.

(c:/texlive/2025/texmf-dist/tex/context/base/mkii/supp-pdf.mkii
[Loading MPS to PDF converter (version 2006.09.02).]
\scratchcounter=\count284
\scratchdimen=\dimen151
\scratchbox=\box53
\nofMPsegments=\count285
\nofMParguments=\count286
\everyMPshowfont=\toks18
\MPscratchCnt=\count287
\MPscratchDim=\dimen152
\MPnumerator=\count288
\makeMPintoPDFobject=\count289
\everyMPtoPDFconversion=\toks19
) (c:/texlive/2025/texmf-dist/tex/latex/epstopdf-pkg/epstopdf-base.sty
Package: epstopdf-base 2020-01-24 v2.11 Base part for package epstopdf
Package epstopdf-base Info: Redefining graphics rule for `.eps' on input line 4
85.

(c:/texlive/2025/texmf-dist/tex/latex/latexconfig/epstopdf-sys.cfg
File: epstopdf-sys.cfg 2010/07/13 v1.3 Configuration of (r)epstopdf for TeX Liv
e
))

! LaTeX Error: Unicode character –í (U+0412)
               not set up for use with LaTeX.

See the LaTeX manual or LaTeX Companion for explanation.
Type  H <return>  for immediate help.
 ...                                              
                                                  
l.5 \section{–í–≤–µ–¥–µ–Ω–∏–µ}
                              
? je mange la banane
Type <return> to proceed, S to scroll future error messages,
R to run without stopping, Q to run quietly,
I to insert something, E to edit your file,
1 or ... or 9 to ignore the next 1 to 9 tokens of input,
H for help, X to quit.
? r
OK, entering \nonstopmode...

! LaTeX Error: Unicode character –≤ (U+0432)
               not set up for use with LaTeX.

See the LaTeX manual or LaTeX Companion for explanation.
Type  H <return>  for immediate help.
 ...                                              
                                                  
l.5 \section{–í–≤–µ–¥–µ–Ω–∏–µ}
                              
You may provide a definition with
\DeclareUnicodeCharacter 


! LaTeX Error: Unicode character –µ (U+0435)
               not set up for use with LaTeX.

See the LaTeX manual or LaTeX Companion for explanation.
Type  H <return>  for immediate help.
 ...                                              
                                                  
l.5 \section{–í–≤–µ–¥–µ–Ω–∏–µ}
                              
You may provide a definition with
\DeclareUnicodeCharacter 


! LaTeX Error: Unicode character –¥ (U+0434)
               not set up for use with LaTeX.

See the LaTeX manual or LaTeX Companion for explanation.
Type  H <return>  for immediate help.
 ...                                              
                                                  
l.5 \section{–í–≤–µ–¥–µ–Ω–∏–µ}
                              
You may provide a definition with
\DeclareUnicodeCharacter 


! LaTeX Error: Unicode character –µ (U+0435)
               not set up for use with LaTeX.

See the LaTeX manual or LaTeX Companion for explanation.
Type  H <return>  for immediate help.
 ...                                              
                                                  
l.5 \section{–í–≤–µ–¥–µ–Ω–∏–µ}
                              
You may provide a definition with
\DeclareUnicodeCharacter 


! LaTeX Error: Unicode character –Ω (U+043D)
               not set up for use with LaTeX.

See the LaTeX manual or LaTeX Companion for explanation.
Type  H <return>  for immediate help.
 ...                                              
                                                  
l.5 \section{–í–≤–µ–¥–µ–Ω–∏–µ}
                              
You may provide a definition with
\DeclareUnicodeCharacter 


! LaTeX Error: Unicode character –∏ (U+0438)
               not set up for use with LaTeX.

See the LaTeX manual or LaTeX Companion for explanation.
Type  H <return>  for immediate help.
 ...                                              
                                                  
l.5 \section{–í–≤–µ–¥–µ–Ω–∏–µ}
                              
You may provide a definition with
\DeclareUnicodeCharacter 


! LaTeX Error: Unicode character –µ (U+0435)
               not set up for use with LaTeX.

See the LaTeX manual or LaTeX Companion for explanation.
Type  H <return>  for immediate help.
 ...                                              
                                                  
l.5 \section{–í–≤–µ–¥–µ–Ω–∏–µ}
                              
You may provide a definition with
\DeclareUnicodeCharacter 


! LaTeX Error: Unicode character –í (U+0412)
               not set up for use with LaTeX.

See the LaTeX manual or LaTeX Companion for explanation.
Type  H <return>  for immediate help.
 ...                                              
                                                  
l.8 –í
       —Ä–∞–∑–¥–µ–ª–µ~\ref{sec:intro} –º—ã –ø—Ä–µ–¥—Å—Ç–∞–≤–ª—è–µ–º...
You may provide a definition with
\DeclareUnicodeCharacter 


! LaTeX Error: Unicode character —Ä (U+0440)
               not set up for use with LaTeX.

See the LaTeX manual or LaTeX Companion for explanation.
Type  H <return>  for immediate help.
 ...                                              
                                                  
l.8 –í —Ä
         –∞–∑–¥–µ–ª–µ~\ref{sec:intro} –º—ã –ø—Ä–µ–¥—Å—Ç–∞–≤–ª—è–µ–º...
You may provide a definition with
\DeclareUnicodeCharacter 


! LaTeX Error: Unicode character –∞ (U+0430)
               not set up for use with LaTeX.

See the LaTeX manual or LaTeX Companion for explanation.
Type  H <return>  for immediate help.
 ...                                              
                                                  
l.8 –í —Ä–∞
           –∑–¥–µ–ª–µ~\ref{sec:intro} –º—ã –ø—Ä–µ–¥—Å—Ç–∞–≤–ª—è–µ–º...
You may provide a definition with
\DeclareUnicodeCharacter 


! LaTeX Error: Unicode character –∑ (U+0437)
               not set up for use with LaTeX.

See the LaTeX manual or LaTeX Companion for explanation.
Type  H <return>  for immediate help.
 ...                                              
                                                  
l.8 –í —Ä–∞–∑
             –¥–µ–ª–µ~\ref{sec:intro} –º—ã –ø—Ä–µ–¥—Å—Ç–∞–≤–ª—è–µ–º...
You may provide a definition with
\DeclareUnicodeCharacter 


! LaTeX Error: Unicode character –¥ (U+0434)
               not set up for use with LaTeX.

See the LaTeX manual or LaTeX Companion for explanation.
Type  H <return>  for immediate help.
 ...                                              
                                                  
l.8 –í —Ä–∞–∑–¥
               –µ–ª–µ~\ref{sec:intro} –º—ã –ø—Ä–µ–¥—Å—Ç–∞–≤–ª—è–µ–º...
You may provide a definition with
\DeclareUnicodeCharacter 


! LaTeX Error: Unicode character –µ (U+0435)
               not set up for use with LaTeX.

See the LaTeX manual or LaTeX Companion for explanation.
Type  H <return>  for immediate help.
 ...                                              
                                                  
l.8 –í —Ä–∞–∑–¥–µ
                 –ª–µ~\ref{sec:intro} –º—ã –ø—Ä–µ–¥—Å—Ç–∞–≤–ª—è–µ–º...
You may provide a definition with
\DeclareUnicodeCharacter 


! LaTeX Error: Unicode character –ª (U+043B)
               not set up for use with LaTeX.

See the LaTeX manual or LaTeX Companion for explanation.
Type  H <return>  for immediate help.
 ...                                              
                                                  
l.8 –í —Ä–∞–∑–¥–µ–ª
                   –µ~\ref{sec:intro} –º—ã –ø—Ä–µ–¥—Å—Ç–∞–≤–ª—è–µ–º...
You may provide a definition with
\DeclareUnicodeCharacter 


! LaTeX Error: Unicode character –µ (U+0435)
               not set up for use with LaTeX.

See the LaTeX manual or LaTeX Companion for explanation.
Type  H <return>  for immediate help.
 ...                                              
                                                  
l.8 –í —Ä–∞–∑–¥–µ–ª–µ
                     ~\ref{sec:intro} –º—ã –ø—Ä–µ–¥—Å—Ç–∞–≤–ª—è–µ–º...
You may provide a definition with
\DeclareUnicodeCharacter 


! LaTeX Error: Unicode character –º (U+043C)
               not set up for use with LaTeX.

See the LaTeX manual or LaTeX Companion for explanation.
Type  H <return>  for immediate help.
 ...                                              
                                                  
l.8 –í —Ä–∞–∑–¥–µ–ª–µ~\ref{sec:intro} –º
                                        —ã –ø—Ä–µ–¥—Å—Ç–∞–≤–ª—è–µ–º...
You may provide a definition with
\DeclareUnicodeCharacter 


! LaTeX Error: Unicode character —ã (U+044B)
               not set up for use with LaTeX.

See the LaTeX manual or LaTeX Companion for explanation.
Type  H <return>  for immediate help.
 ...                                              
                                                  
l.8 –í —Ä–∞–∑–¥–µ–ª–µ~\ref{sec:intro} –º—ã
                                           –ø—Ä–µ–¥—Å—Ç–∞–≤–ª—è–µ–º...
You may provide a definition with
\DeclareUnicodeCharacter 


! LaTeX Error: Unicode character –ø (U+043F)
               not set up for use with LaTeX.

See the LaTeX manual or LaTeX Companion for explanation.
Type  H <return>  for immediate help.
 ...                                              
                                                  
l.8 –í —Ä–∞–∑–¥–µ–ª–µ~\ref{sec:intro} –º—ã –ø
                                             —Ä–µ–¥—Å—Ç–∞–≤–ª—è–µ–º...
You may provide a definition with
\DeclareUnicodeCharacter 


! LaTeX Error: Unicode character —Ä (U+0440)
               not set up for use with LaTeX.

See the LaTeX manual or LaTeX Companion for explanation.
Type  H <return>  for immediate help.
 ...                                              
                                                  
l.8 –í —Ä–∞–∑–¥–µ–ª–µ~\ref{sec:intro} –º—ã –ø—Ä
                                               –µ–¥—Å—Ç–∞–≤–ª—è–µ–º...
You may provide a definition with
\DeclareUnicodeCharacter 


! LaTeX Error: Unicode character –µ (U+0435)
               not set up for use with LaTeX.

See the LaTeX manual or LaTeX Companion for explanation.
Type  H <return>  for immediate help.
 ...                                              
                                                  
l.8 –í —Ä–∞–∑–¥–µ–ª–µ~\ref{sec:intro} –º—ã –ø—Ä–µ
                                                 –¥—Å—Ç–∞–≤–ª—è–µ–º...
You may provide a definition with
\DeclareUnicodeCharacter 


! LaTeX Error: Unicode character –¥ (U+0434)
               not set up for use with LaTeX.

See the LaTeX manual or LaTeX Companion for explanation.
Type  H <return>  for immediate help.
 ...                                              
                                                  
l.8 ...Ä–∞–∑–¥–µ–ª–µ~\ref{sec:intro} –º—ã –ø—Ä–µ–¥
                                                  —Å—Ç–∞–≤–ª—è–µ–º...
You may provide a definition with
\DeclareUnicodeCharacter 


! LaTeX Error: Unicode character —Å (U+0441)
               not set up for use with LaTeX.

See the LaTeX manual or LaTeX Companion for explanation.
Type  H <return>  for immediate help.
 ...                                              
                                                  
l.8 ...∞–∑–¥–µ–ª–µ~\ref{sec:intro} –º—ã –ø—Ä–µ–¥—Å
                                                  —Ç–∞–≤–ª—è–µ–º...
You may provide a definition with
\DeclareUnicodeCharacter 


! LaTeX Error: Unicode character —Ç (U+0442)
               not set up for use with LaTeX.

See the LaTeX manual or LaTeX Companion for explanation.
Type  H <return>  for immediate help.
 ...                                              
                                                  
l.8 ...∑–¥–µ–ª–µ~\ref{sec:intro} –º—ã –ø—Ä–µ–¥—Å—Ç
                                                  –∞–≤–ª—è–µ–º...
You may provide a definition with
\DeclareUnicodeCharacter 


! LaTeX Error: Unicode character –∞ (U+0430)
               not set up for use with LaTeX.

See the LaTeX manual or LaTeX Companion for explanation.
Type  H <return>  for immediate help.
 ...                                              
                                                  
l.8 ...¥–µ–ª–µ~\ref{sec:intro} –º—ã –ø—Ä–µ–¥—Å—Ç–∞
                                                  –≤–ª—è–µ–º...
You may provide a definition with
\DeclareUnicodeCharacter 


! LaTeX Error: Unicode character –≤ (U+0432)
               not set up for use with LaTeX.

See the LaTeX manual or LaTeX Companion for explanation.
Type  H <return>  for immediate help.
 ...                                              
                                                  
l.8 ...µ–ª–µ~\ref{sec:intro} –º—ã –ø—Ä–µ–¥—Å—Ç–∞–≤
                                                  –ª—è–µ–º...
You may provide a definition with
\DeclareUnicodeCharacter 


! LaTeX Error: Unicode character –ª (U+043B)
               not set up for use with LaTeX.

See the LaTeX manual or LaTeX Companion for explanation.
Type  H <return>  for immediate help.
 ...                                              
                                                  
l.8 ...ª–µ~\ref{sec:intro} –º—ã –ø—Ä–µ–¥—Å—Ç–∞–≤–ª
                                                  —è–µ–º...
You may provide a definition with
\DeclareUnicodeCharacter 


! LaTeX Error: Unicode character —è (U+044F)
               not set up for use with LaTeX.

See the LaTeX manual or LaTeX Companion for explanation.
Type  H <return>  for immediate help.
 ...                                              
                                                  
l.8 ...µ~\ref{sec:intro} –º—ã –ø—Ä–µ–¥—Å—Ç–∞–≤–ª—è
                                                  –µ–º...
You may provide a definition with
\DeclareUnicodeCharacter 


! LaTeX Error: Unicode character –µ (U+0435)
               not set up for use with LaTeX.

See the LaTeX manual or LaTeX Companion for explanation.
Type  H <return>  for immediate help.
 ...                                              
                                                  
l.8 ...\ref{sec:intro} –º—ã –ø—Ä–µ–¥—Å—Ç–∞–≤–ª—è–µ
                                                  –º...
You may provide a definition with
\DeclareUnicodeCharacter 


! LaTeX Error: Unicode character –º (U+043C)
               not set up for use with LaTeX.

See the LaTeX manual or LaTeX Companion for explanation.
Type  H <return>  for immediate help.
 ...                                              
                                                  
l.8 ...ef{sec:intro} –º—ã –ø—Ä–µ–¥—Å—Ç–∞–≤–ª—è–µ–º
                                                  ...
You may provide a definition with
\DeclareUnicodeCharacter 


! LaTeX Error: Unicode character –ü (U+041F)
               not set up for use with LaTeX.

See the LaTeX manual or LaTeX Companion for explanation.
Type  H <return>  for immediate help.
 ...                                              
                                                  
l.10 \subsection{–ü–µ—Ä–≤–∞—è –ø–æ–¥—Å–µ–∫—Ü–∏—è}
                                                 
You may provide a definition with
\DeclareUnicodeCharacter 


! LaTeX Error: Unicode character –µ (U+0435)
               not set up for use with LaTeX.

See the LaTeX manual or LaTeX Companion for explanation.
Type  H <return>  for immediate help.
 ...                                              
                                                  
l.10 \subsection{–ü–µ—Ä–≤–∞—è –ø–æ–¥—Å–µ–∫—Ü–∏—è}
                                                 
You may provide a definition with
\DeclareUnicodeCharacter 


! LaTeX Error: Unicode character —Ä (U+0440)
               not set up for use with LaTeX.

See the LaTeX manual or LaTeX Companion for explanation.
Type  H <return>  for immediate help.
 ...                                              
                                                  
l.10 \subsection{–ü–µ—Ä–≤–∞—è –ø–æ–¥—Å–µ–∫—Ü–∏—è}
                                                 
You may provide a definition with
\DeclareUnicodeCharacter 


! LaTeX Error: Unicode character –≤ (U+0432)
               not set up for use with LaTeX.

See the LaTeX manual or LaTeX Companion for explanation.
Type  H <return>  for immediate help.
 ...                                              
                                                  
l.10 \subsection{–ü–µ—Ä–≤–∞—è –ø–æ–¥—Å–µ–∫—Ü–∏—è}
                                                 
You may provide a definition with
\DeclareUnicodeCharacter 


! LaTeX Error: Unicode character –∞ (U+0430)
               not set up for use with LaTeX.

See the LaTeX manual or LaTeX Companion for explanation.
Type  H <return>  for immediate help.
 ...                                              
                                                  
l.10 \subsection{–ü–µ—Ä–≤–∞—è –ø–æ–¥—Å–µ–∫—Ü–∏—è}
                                                 
You may provide a definition with
\DeclareUnicodeCharacter 


! LaTeX Error: Unicode character —è (U+044F)
               not set up for use with LaTeX.

See the LaTeX manual or LaTeX Companion for explanation.
Type  H <return>  for immediate help.
 ...                                              
                                                  
l.10 \subsection{–ü–µ—Ä–≤–∞—è –ø–æ–¥—Å–µ–∫—Ü–∏—è}
                                                 
You may provide a definition with
\DeclareUnicodeCharacter 


! LaTeX Error: Unicode character –ø (U+043F)
               not set up for use with LaTeX.

See the LaTeX manual or LaTeX Companion for explanation.
Type  H <return>  for immediate help.
 ...                                              
                                                  
l.10 \subsection{–ü–µ—Ä–≤–∞—è –ø–æ–¥—Å–µ–∫—Ü–∏—è}
                                                 
You may provide a definition with
\DeclareUnicodeCharacter 


! LaTeX Error: Unicode character –æ (U+043E)
               not set up for use with LaTeX.

See the LaTeX manual or LaTeX Companion for explanation.
Type  H <return>  for immediate help.
 ...                                              
                                                  
l.10 \subsection{–ü–µ—Ä–≤–∞—è –ø–æ–¥—Å–µ–∫—Ü–∏—è}
                                                 
You may provide a definition with
\DeclareUnicodeCharacter 


! LaTeX Error: Unicode character –¥ (U+0434)
               not set up for use with LaTeX.

See the LaTeX manual or LaTeX Companion for explanation.
Type  H <return>  for immediate help.
 ...                                              
                                                  
l.10 \subsection{–ü–µ—Ä–≤–∞—è –ø–æ–¥—Å–µ–∫—Ü–∏—è}
                                                 
You may provide a definition with
\DeclareUnicodeCharacter 


! LaTeX Error: Unicode character —Å (U+0441)
               not set up for use with LaTeX.

See the LaTeX manual or LaTeX Companion for explanation.
Type  H <return>  for immediate help.
 ...                                              
                                                  
l.10 \subsection{–ü–µ—Ä–≤–∞—è –ø–æ–¥—Å–µ–∫—Ü–∏—è}
                                                 
You may provide a definition with
\DeclareUnicodeCharacter 


! LaTeX Error: Unicode character –µ (U+0435)
               not set up for use with LaTeX.

See the LaTeX manual or LaTeX Companion for explanation.
Type  H <return>  for immediate help.
 ...                                              
                                                  
l.10 \subsection{–ü–µ—Ä–≤–∞—è –ø–æ–¥—Å–µ–∫—Ü–∏—è}
                                                 
You may provide a definition with
\DeclareUnicodeCharacter 


! LaTeX Error: Unicode character –∫ (U+043A)
               not set up for use with LaTeX.

See the LaTeX manual or LaTeX Companion for explanation.
Type  H <return>  for immediate help.
 ...                                              
                                                  
l.10 \subsection{–ü–µ—Ä–≤–∞—è –ø–æ–¥—Å–µ–∫—Ü–∏—è}
                                                 
You may provide a definition with
\DeclareUnicodeCharacter 


! LaTeX Error: Unicode character —Ü (U+0446)
               not set up for use with LaTeX.

See the LaTeX manual or LaTeX Companion for explanation.
Type  H <return>  for immediate help.
 ...                                              
                                                  
l.10 \subsection{–ü–µ—Ä–≤–∞—è –ø–æ–¥—Å–µ–∫—Ü–∏—è}
                                                 
You may provide a definition with
\DeclareUnicodeCharacter 


! LaTeX Error: Unicode character –∏ (U+0438)
               not set up for use with LaTeX.

See the LaTeX manual or LaTeX Companion for explanation.
Type  H <return>  for immediate help.
 ...                                              
                                                  
l.10 \subsection{–ü–µ—Ä–≤–∞—è –ø–æ–¥—Å–µ–∫—Ü–∏—è}
                                                 
You may provide a definition with
\DeclareUnicodeCharacter 


! LaTeX Error: Unicode character —è (U+044F)
               not set up for use with LaTeX.

See the LaTeX manual or LaTeX Companion for explanation.
Type  H <return>  for immediate help.
 ...                                              
                                                  
l.10 \subsection{–ü–µ—Ä–≤–∞—è –ø–æ–¥—Å–µ–∫—Ü–∏—è}
                                                 
You may provide a definition with
\DeclareUnicodeCharacter 


! LaTeX Error: Unicode character –ö (U+041A)
               not set up for use with LaTeX.

See the LaTeX manual or LaTeX Companion for explanation.
Type  H <return>  for immediate help.
 ...                                              
                                                  
l.13 –ö
       –∞–∫ –≤–∏–¥–Ω–æ –≤ –ø–æ–¥—Å–µ–∫—Ü–∏–∏~\ref{subsec:first}...
You may provide a definition with
\DeclareUnicodeCharacter 


! LaTeX Error: Unicode character –∞ (U+0430)
               not set up for use with LaTeX.

See the LaTeX manual or LaTeX Companion for explanation.
Type  H <return>  for immediate help.
 ...                                              
                                                  
l.13 –ö–∞
         –∫ –≤–∏–¥–Ω–æ –≤ –ø–æ–¥—Å–µ–∫—Ü–∏–∏~\ref{subsec:first}...
You may provide a definition with
\DeclareUnicodeCharacter 


! LaTeX Error: Unicode character –∫ (U+043A)
               not set up for use with LaTeX.

See the LaTeX manual or LaTeX Companion for explanation.
Type  H <return>  for immediate help.
 ...                                              
                                                  
l.13 –ö–∞–∫
            –≤–∏–¥–Ω–æ –≤ –ø–æ–¥—Å–µ–∫—Ü–∏–∏~\ref{subsec:first}...
You may provide a definition with
\DeclareUnicodeCharacter 


! LaTeX Error: Unicode character –≤ (U+0432)
               not set up for use with LaTeX.

See the LaTeX manual or LaTeX Companion for explanation.
Type  H <return>  for immediate help.
 ...                                              
                                                  
l.13 –ö–∞–∫ –≤
              –∏–¥–Ω–æ –≤ –ø–æ–¥—Å–µ–∫—Ü–∏–∏~\ref{subsec:first}...
You may provide a definition with
\DeclareUnicodeCharacter 


! LaTeX Error: Unicode character –∏ (U+0438)
               not set up for use with LaTeX.

See the LaTeX manual or LaTeX Companion for explanation.
Type  H <return>  for immediate help.
 ...                                              
                                                  
l.13 –ö–∞–∫ –≤–∏
                –¥–Ω–æ –≤ –ø–æ–¥—Å–µ–∫—Ü–∏–∏~\ref{subsec:first}...
You may provide a definition with
\DeclareUnicodeCharacter 


! LaTeX Error: Unicode character –¥ (U+0434)
               not set up for use with LaTeX.

See the LaTeX manual or LaTeX Companion for explanation.
Type  H <return>  for immediate help.
 ...                                              
                                                  
l.13 –ö–∞–∫ –≤–∏–¥
                  –Ω–æ –≤ –ø–æ–¥—Å–µ–∫—Ü–∏–∏~\ref{subsec:first}...
You may provide a definition with
\DeclareUnicodeCharacter 


! LaTeX Error: Unicode character –Ω (U+043D)
               not set up for use with LaTeX.

See the LaTeX manual or LaTeX Companion for explanation.
Type  H <return>  for immediate help.
 ...                                              
                                                  
l.13 –ö–∞–∫ –≤–∏–¥–Ω
                    –æ –≤ –ø–æ–¥—Å–µ–∫—Ü–∏–∏~\ref{subsec:first}...
You may provide a definition with
\DeclareUnicodeCharacter 


! LaTeX Error: Unicode character –æ (U+043E)
               not set up for use with LaTeX.

See the LaTeX manual or LaTeX Companion for explanation.
Type  H <return>  for immediate help.
 ...                                              
                                                  
l.13 –ö–∞–∫ –≤–∏–¥–Ω–æ
                       –≤ –ø–æ–¥—Å–µ–∫—Ü–∏–∏~\ref{subsec:first}...
You may provide a definition with
\DeclareUnicodeCharacter 


! LaTeX Error: Unicode character –≤ (U+0432)
               not set up for use with LaTeX.

See the LaTeX manual or LaTeX Companion for explanation.
Type  H <return>  for immediate help.
 ...                                              
                                                  
l.13 –ö–∞–∫ –≤–∏–¥–Ω–æ –≤
                          –ø–æ–¥—Å–µ–∫—Ü–∏–∏~\ref{subsec:first}...
You may provide a definition with
\DeclareUnicodeCharacter 


! LaTeX Error: Unicode character –ø (U+043F)
               not set up for use with LaTeX.

See the LaTeX manual or LaTeX Companion for explanation.
Type  H <return>  for immediate help.
 ...                                              
                                                  
l.13 –ö–∞–∫ –≤–∏–¥–Ω–æ –≤ –ø
                            –æ–¥—Å–µ–∫—Ü–∏–∏~\ref{subsec:first}...
You may provide a definition with
\DeclareUnicodeCharacter 


! LaTeX Error: Unicode character –æ (U+043E)
               not set up for use with LaTeX.

See the LaTeX manual or LaTeX Companion for explanation.
Type  H <return>  for immediate help.
 ...                                              
                                                  
l.13 –ö–∞–∫ –≤–∏–¥–Ω–æ –≤ –ø–æ
                              –¥—Å–µ–∫—Ü–∏–∏~\ref{subsec:first}...
You may provide a definition with
\DeclareUnicodeCharacter 


! LaTeX Error: Unicode character –¥ (U+0434)
               not set up for use with LaTeX.

See the LaTeX manual or LaTeX Companion for explanation.
Type  H <return>  for immediate help.
 ...                                              
                                                  
l.13 –ö–∞–∫ –≤–∏–¥–Ω–æ –≤ –ø–æ–¥
                                —Å–µ–∫—Ü–∏–∏~\ref{subsec:first}...
You may provide a definition with
\DeclareUnicodeCharacter 


! LaTeX Error: Unicode character —Å (U+0441)
               not set up for use with LaTeX.

See the LaTeX manual or LaTeX Companion for explanation.
Type  H <return>  for immediate help.
 ...                                              
                                                  
l.13 –ö–∞–∫ –≤–∏–¥–Ω–æ –≤ –ø–æ–¥—Å
                                  –µ–∫—Ü–∏–∏~\ref{subsec:first}...
You may provide a definition with
\DeclareUnicodeCharacter 


! LaTeX Error: Unicode character –µ (U+0435)
               not set up for use with LaTeX.

See the LaTeX manual or LaTeX Companion for explanation.
Type  H <return>  for immediate help.
 ...                                              
                                                  
l.13 –ö–∞–∫ –≤–∏–¥–Ω–æ –≤ –ø–æ–¥—Å–µ
                                    –∫—Ü–∏–∏~\ref{subsec:first}...
You may provide a definition with
\DeclareUnicodeCharacter 


! LaTeX Error: Unicode character –∫ (U+043A)
               not set up for use with LaTeX.

See the LaTeX manual or LaTeX Companion for explanation.
Type  H <return>  for immediate help.
 ...                                              
                                                  
l.13 –ö–∞–∫ –≤–∏–¥–Ω–æ –≤ –ø–æ–¥—Å–µ–∫
                                      —Ü–∏–∏~\ref{subsec:first}...
You may provide a definition with
\DeclareUnicodeCharacter 


! LaTeX Error: Unicode character —Ü (U+0446)
               not set up for use with LaTeX.

See the LaTeX manual or LaTeX Companion for explanation.
Type  H <return>  for immediate help.
 ...                                              
                                                  
l.13 –ö–∞–∫ –≤–∏–¥–Ω–æ –≤ –ø–æ–¥—Å–µ–∫—Ü
                                        –∏–∏~\ref{subsec:first}...
You may provide a definition with
\DeclareUnicodeCharacter 


! LaTeX Error: Unicode character –∏ (U+0438)
               not set up for use with LaTeX.

See the LaTeX manual or LaTeX Companion for explanation.
Type  H <return>  for immediate help.
 ...                                              
                                                  
l.13 –ö–∞–∫ –≤–∏–¥–Ω–æ –≤ –ø–æ–¥—Å–µ–∫—Ü–∏
                                          –∏~\ref{subsec:first}...
You may provide a definition with
\DeclareUnicodeCharacter 


! LaTeX Error: Unicode character –∏ (U+0438)
               not set up for use with LaTeX.

See the LaTeX manual or LaTeX Companion for explanation.
Type  H <return>  for immediate help.
 ...                                              
                                                  
l.13 –ö–∞–∫ –≤–∏–¥–Ω–æ –≤ –ø–æ–¥—Å–µ–∫—Ü–∏–∏
                                            ~\ref{subsec:first}...
You may provide a definition with
\DeclareUnicodeCharacter 

! I can't write on file `question5.pdf'.
(Press Enter to retry, or Control-Z to exit; default file extension is `.pdf')
Please type another file name for output
! Emergency stop.
<argument> \pdfximage 
                      \ifnum 0\ifx \Gin@decode \@empty \else 1\fi \ifGin@int...
l.17 ...ncludegraphics[width=0.5\textwidth]{image}
                                                  
*** (job aborted, file error in nonstop mode)

 
Here is how much of TeX's memory you used:
 1292 strings out of 469734
 20479 string characters out of 5481497
 430987 words of memory out of 5000000
 29739 multiletter control sequences out of 15000+600000
 628035 words of font info for 44 fonts, out of 8000000 for 9000
 36 hyphenation exceptions out of 8191
 57i,2n,65p,186b,167s stack positions out of 10000i,1000n,20000p,200000b,200000s
!  ==> Fatal error occurred, no output PDF file produced!
