This is pdfTeX, Version 3.141592653-2.6-1.40.28 (TeX Live 2025) (preloaded format=pdflatex 2025.9.25)  25 OCT 2025 12:23
entering extended mode
 restricted \write18 enabled.
 %&-line parsing enabled.
**question7.tex
(./question7.tex
LaTeX2e <2025-06-01> patch level 1
L3 programming layer <2025-09-02>
(c:/texlive/2025/texmf-dist/tex/latex/base/article.cls
Document Class: article 2025/01/22 v1.4n Standard LaTeX document class
(c:/texlive/2025/texmf-dist/tex/latex/base/size10.clo
File: size10.clo 2025/01/22 v1.4n Standard LaTeX file (size option)
)
\c@part=\count275
\c@section=\count276
\c@subsection=\count277
\c@subsubsection=\count278
\c@paragraph=\count279
\c@subparagraph=\count280
\c@figure=\count281
\c@table=\count282
\abovecaptionskip=\skip49
\belowcaptionskip=\skip50
\bibindent=\dimen148
)
(c:/texlive/2025/texmf-dist/tex/latex/amsmath/amsmath.sty
Package: amsmath 2025/06/16 v2.17y AMS math features
\@mathmargin=\skip51

For additional information on amsmath, use the `?' option.
(c:/texlive/2025/texmf-dist/tex/latex/amsmath/amstext.sty
Package: amstext 2024/11/17 v2.01 AMS text

(c:/texlive/2025/texmf-dist/tex/latex/amsmath/amsgen.sty
File: amsgen.sty 1999/11/30 v2.0 generic functions
\@emptytoks=\toks17
\ex@=\dimen149
))
(c:/texlive/2025/texmf-dist/tex/latex/amsmath/amsbsy.sty
Package: amsbsy 1999/11/29 v1.2d Bold Symbols
\pmbraise@=\dimen150
)
(c:/texlive/2025/texmf-dist/tex/latex/amsmath/amsopn.sty
Package: amsopn 2022/04/08 v2.04 operator names
)
\inf@bad=\count283
LaTeX Info: Redefining \frac on input line 233.
\uproot@=\count284
\leftroot@=\count285
LaTeX Info: Redefining \overline on input line 398.
LaTeX Info: Redefining \colon on input line 409.
\classnum@=\count286
\DOTSCASE@=\count287
LaTeX Info: Redefining \ldots on input line 495.
LaTeX Info: Redefining \dots on input line 498.
LaTeX Info: Redefining \cdots on input line 619.
\Mathstrutbox@=\box53
\strutbox@=\box54
LaTeX Info: Redefining \big on input line 721.
LaTeX Info: Redefining \Big on input line 722.
LaTeX Info: Redefining \bigg on input line 723.
LaTeX Info: Redefining \Bigg on input line 724.
\big@size=\dimen151
LaTeX Font Info:    Redeclaring font encoding OML on input line 742.
LaTeX Font Info:    Redeclaring font encoding OMS on input line 743.
\macc@depth=\count288
LaTeX Info: Redefining \bmod on input line 904.
LaTeX Info: Redefining \pmod on input line 909.
LaTeX Info: Redefining \smash on input line 939.
LaTeX Info: Redefining \relbar on input line 969.
LaTeX Info: Redefining \Relbar on input line 970.
\c@MaxMatrixCols=\count289
\dotsspace@=\muskip17
\c@parentequation=\count290
\dspbrk@lvl=\count291
\tag@help=\toks18
\row@=\count292
\column@=\count293
\maxfields@=\count294
\andhelp@=\toks19
\eqnshift@=\dimen152
\alignsep@=\dimen153
\tagshift@=\dimen154
\tagwidth@=\dimen155
\totwidth@=\dimen156
\lineht@=\dimen157
\@envbody=\toks20
\multlinegap=\skip52
\multlinetaggap=\skip53
\mathdisplay@stack=\toks21
LaTeX Info: Redefining \[ on input line 2949.
LaTeX Info: Redefining \] on input line 2950.
)
(c:/texlive/2025/texmf-dist/tex/latex/l3backend/l3backend-pdftex.def
File: l3backend-pdftex.def 2025-06-09 L3 backend support: PDF output (pdfTeX)
\l__color_backend_stack_int=\count295
)
No file question7.aux.
\openout1 = `question7.aux'.

LaTeX Font Info:    Checking defaults for OML/cmm/m/it on input line 4.
LaTeX Font Info:    ... okay on input line 4.
LaTeX Font Info:    Checking defaults for OMS/cmsy/m/n on input line 4.
LaTeX Font Info:    ... okay on input line 4.
LaTeX Font Info:    Checking defaults for OT1/cmr/m/n on input line 4.
LaTeX Font Info:    ... okay on input line 4.
LaTeX Font Info:    Checking defaults for T1/cmr/m/n on input line 4.
LaTeX Font Info:    ... okay on input line 4.
LaTeX Font Info:    Checking defaults for TS1/cmr/m/n on input line 4.
LaTeX Font Info:    ... okay on input line 4.
LaTeX Font Info:    Checking defaults for OMX/cmex/m/n on input line 4.
LaTeX Font Info:    ... okay on input line 4.
LaTeX Font Info:    Checking defaults for U/cmr/m/n on input line 4.
LaTeX Font Info:    ... okay on input line 4.

! LaTeX Error: Unicode character –° (U+0421)
               not set up for use with LaTeX.

See the LaTeX manual or LaTeX Companion for explanation.
Type  H <return>  for immediate help.
 ...                                              
                                                  
l.13 –°
       —Å—ã–ª–∫–∞ –Ω–∞ —É—Ä–∞–≤–Ω–µ–Ω–∏–µ~\ref{eq:after} (–Ω–µ–ø—Ä–∞–≤–∏–ª—å...

? r
OK, entering \nonstopmode...

! LaTeX Error: Unicode character —Å (U+0441)
               not set up for use with LaTeX.

See the LaTeX manual or LaTeX Companion for explanation.
Type  H <return>  for immediate help.
 ...                                              
                                                  
l.13 –°—Å
         —ã–ª–∫–∞ –Ω–∞ —É—Ä–∞–≤–Ω–µ–Ω–∏–µ~\ref{eq:after} (–Ω–µ–ø—Ä–∞–≤–∏–ª—å...

You may provide a definition with
\DeclareUnicodeCharacter 


! LaTeX Error: Unicode character —ã (U+044B)
               not set up for use with LaTeX.

See the LaTeX manual or LaTeX Companion for explanation.
Type  H <return>  for immediate help.
 ...                                              
                                                  
l.13 –°—Å—ã
           –ª–∫–∞ –Ω–∞ —É—Ä–∞–≤–Ω–µ–Ω–∏–µ~\ref{eq:after} (–Ω–µ–ø—Ä–∞–≤–∏–ª—å...

You may provide a definition with
\DeclareUnicodeCharacter 


! LaTeX Error: Unicode character –ª (U+043B)
               not set up for use with LaTeX.

See the LaTeX manual or LaTeX Companion for explanation.
Type  H <return>  for immediate help.
 ...                                              
                                                  
l.13 –°—Å—ã–ª
             –∫–∞ –Ω–∞ —É—Ä–∞–≤–Ω–µ–Ω–∏–µ~\ref{eq:after} (–Ω–µ–ø—Ä–∞–≤–∏–ª—å...

You may provide a definition with
\DeclareUnicodeCharacter 


! LaTeX Error: Unicode character –∫ (U+043A)
               not set up for use with LaTeX.

See the LaTeX manual or LaTeX Companion for explanation.
Type  H <return>  for immediate help.
 ...                                              
                                                  
l.13 –°—Å—ã–ª–∫
               –∞ –Ω–∞ —É—Ä–∞–≤–Ω–µ–Ω–∏–µ~\ref{eq:after} (–Ω–µ–ø—Ä–∞–≤–∏–ª—å...

You may provide a definition with
\DeclareUnicodeCharacter 


! LaTeX Error: Unicode character –∞ (U+0430)
               not set up for use with LaTeX.

See the LaTeX manual or LaTeX Companion for explanation.
Type  H <return>  for immediate help.
 ...                                              
                                                  
l.13 –°—Å—ã–ª–∫–∞
                  –Ω–∞ —É—Ä–∞–≤–Ω–µ–Ω–∏–µ~\ref{eq:after} (–Ω–µ–ø—Ä–∞–≤–∏–ª—å...

You may provide a definition with
\DeclareUnicodeCharacter 


! LaTeX Error: Unicode character –Ω (U+043D)
               not set up for use with LaTeX.

See the LaTeX manual or LaTeX Companion for explanation.
Type  H <return>  for immediate help.
 ...                                              
                                                  
l.13 –°—Å—ã–ª–∫–∞ –Ω
                    –∞ —É—Ä–∞–≤–Ω–µ–Ω–∏–µ~\ref{eq:after} (–Ω–µ–ø—Ä–∞–≤–∏–ª—å...

You may provide a definition with
\DeclareUnicodeCharacter 


! LaTeX Error: Unicode character –∞ (U+0430)
               not set up for use with LaTeX.

See the LaTeX manual or LaTeX Companion for explanation.
Type  H <return>  for immediate help.
 ...                                              
                                                  
l.13 –°—Å—ã–ª–∫–∞ –Ω–∞
                       —É—Ä–∞–≤–Ω–µ–Ω–∏–µ~\ref{eq:after} (–Ω–µ–ø—Ä–∞–≤–∏–ª—å...

You may provide a definition with
\DeclareUnicodeCharacter 


! LaTeX Error: Unicode character —É (U+0443)
               not set up for use with LaTeX.

See the LaTeX manual or LaTeX Companion for explanation.
Type  H <return>  for immediate help.
 ...                                              
                                                  
l.13 –°—Å—ã–ª–∫–∞ –Ω–∞ —É
                         —Ä–∞–≤–Ω–µ–Ω–∏–µ~\ref{eq:after} (–Ω–µ–ø—Ä–∞–≤–∏–ª—å...

You may provide a definition with
\DeclareUnicodeCharacter 


! LaTeX Error: Unicode character —Ä (U+0440)
               not set up for use with LaTeX.

See the LaTeX manual or LaTeX Companion for explanation.
Type  H <return>  for immediate help.
 ...                                              
                                                  
l.13 –°—Å—ã–ª–∫–∞ –Ω–∞ —É—Ä
                           –∞–≤–Ω–µ–Ω–∏–µ~\ref{eq:after} (–Ω–µ–ø—Ä–∞–≤–∏–ª—å...

You may provide a definition with
\DeclareUnicodeCharacter 


! LaTeX Error: Unicode character –∞ (U+0430)
               not set up for use with LaTeX.

See the LaTeX manual or LaTeX Companion for explanation.
Type  H <return>  for immediate help.
 ...                                              
                                                  
l.13 –°—Å—ã–ª–∫–∞ –Ω–∞ —É—Ä–∞
                             –≤–Ω–µ–Ω–∏–µ~\ref{eq:after} (–Ω–µ–ø—Ä–∞–≤–∏–ª—å...

You may provide a definition with
\DeclareUnicodeCharacter 


! LaTeX Error: Unicode character –≤ (U+0432)
               not set up for use with LaTeX.

See the LaTeX manual or LaTeX Companion for explanation.
Type  H <return>  for immediate help.
 ...                                              
                                                  
l.13 –°—Å—ã–ª–∫–∞ –Ω–∞ —É—Ä–∞–≤
                               –Ω–µ–Ω–∏–µ~\ref{eq:after} (–Ω–µ–ø—Ä–∞–≤–∏–ª—å...

You may provide a definition with
\DeclareUnicodeCharacter 


! LaTeX Error: Unicode character –Ω (U+043D)
               not set up for use with LaTeX.

See the LaTeX manual or LaTeX Companion for explanation.
Type  H <return>  for immediate help.
 ...                                              
                                                  
l.13 –°—Å—ã–ª–∫–∞ –Ω–∞ —É—Ä–∞–≤–Ω
                                 –µ–Ω–∏–µ~\ref{eq:after} (–Ω–µ–ø—Ä–∞–≤–∏–ª—å...

You may provide a definition with
\DeclareUnicodeCharacter 


! LaTeX Error: Unicode character –µ (U+0435)
               not set up for use with LaTeX.

See the LaTeX manual or LaTeX Companion for explanation.
Type  H <return>  for immediate help.
 ...                                              
                                                  
l.13 –°—Å—ã–ª–∫–∞ –Ω–∞ —É—Ä–∞–≤–Ω–µ
                                   –Ω–∏–µ~\ref{eq:after} (–Ω–µ–ø—Ä–∞–≤–∏–ª—å...

You may provide a definition with
\DeclareUnicodeCharacter 


! LaTeX Error: Unicode character –Ω (U+043D)
               not set up for use with LaTeX.

See the LaTeX manual or LaTeX Companion for explanation.
Type  H <return>  for immediate help.
 ...                                              
                                                  
l.13 –°—Å—ã–ª–∫–∞ –Ω–∞ —É—Ä–∞–≤–Ω–µ–Ω
                                     –∏–µ~\ref{eq:after} (–Ω–µ–ø—Ä–∞–≤–∏–ª—å...

You may provide a definition with
\DeclareUnicodeCharacter 


! LaTeX Error: Unicode character –∏ (U+0438)
               not set up for use with LaTeX.

See the LaTeX manual or LaTeX Companion for explanation.
Type  H <return>  for immediate help.
 ...                                              
                                                  
l.13 –°—Å—ã–ª–∫–∞ –Ω–∞ —É—Ä–∞–≤–Ω–µ–Ω–∏
                                       –µ~\ref{eq:after} (–Ω–µ–ø—Ä–∞–≤–∏–ª—å...

You may provide a definition with
\DeclareUnicodeCharacter 


! LaTeX Error: Unicode character –µ (U+0435)
               not set up for use with LaTeX.

See the LaTeX manual or LaTeX Companion for explanation.
Type  H <return>  for immediate help.
 ...                                              
                                                  
l.13 –°—Å—ã–ª–∫–∞ –Ω–∞ —É—Ä–∞–≤–Ω–µ–Ω–∏–µ
                                         ~\ref{eq:after} (–Ω–µ–ø—Ä–∞–≤–∏–ª—å...

You may provide a definition with
\DeclareUnicodeCharacter 


LaTeX Warning: Reference `eq:after' on page 1 undefined on input line 13.


! LaTeX Error: Unicode character –Ω (U+043D)
               not set up for use with LaTeX.

See the LaTeX manual or LaTeX Companion for explanation.
Type  H <return>  for immediate help.
 ...                                              
                                                  
l.13 ...–Ω–∞ —É—Ä–∞–≤–Ω–µ–Ω–∏–µ~\ref{eq:after} (–Ω
                                                  –µ–ø—Ä–∞–≤–∏–ª—å–Ω–∞—è)\\
You may provide a definition with
\DeclareUnicodeCharacter 


! LaTeX Error: Unicode character –µ (U+0435)
               not set up for use with LaTeX.

See the LaTeX manual or LaTeX Companion for explanation.
Type  H <return>  for immediate help.
 ...                                              
                                                  
l.13 ...–∞ —É—Ä–∞–≤–Ω–µ–Ω–∏–µ~\ref{eq:after} (–Ω–µ
                                                  –ø—Ä–∞–≤–∏–ª—å–Ω–∞—è)\\
You may provide a definition with
\DeclareUnicodeCharacter 


! LaTeX Error: Unicode character –ø (U+043F)
               not set up for use with LaTeX.

See the LaTeX manual or LaTeX Companion for explanation.
Type  H <return>  for immediate help.
 ...                                              
                                                  
l.13 ... —É—Ä–∞–≤–Ω–µ–Ω–∏–µ~\ref{eq:after} (–Ω–µ–ø
                                                  —Ä–∞–≤–∏–ª—å–Ω–∞—è)\\
You may provide a definition with
\DeclareUnicodeCharacter 


! LaTeX Error: Unicode character —Ä (U+0440)
               not set up for use with LaTeX.

See the LaTeX manual or LaTeX Companion for explanation.
Type  H <return>  for immediate help.
 ...                                              
                                                  
l.13 ...É—Ä–∞–≤–Ω–µ–Ω–∏–µ~\ref{eq:after} (–Ω–µ–ø—Ä
                                                  –∞–≤–∏–ª—å–Ω–∞—è)\\
You may provide a definition with
\DeclareUnicodeCharacter 


! LaTeX Error: Unicode character –∞ (U+0430)
               not set up for use with LaTeX.

See the LaTeX manual or LaTeX Companion for explanation.
Type  H <return>  for immediate help.
 ...                                              
                                                  
l.13 ...Ä–∞–≤–Ω–µ–Ω–∏–µ~\ref{eq:after} (–Ω–µ–ø—Ä–∞
                                                  –≤–∏–ª—å–Ω–∞—è)\\
You may provide a definition with
\DeclareUnicodeCharacter 


! LaTeX Error: Unicode character –≤ (U+0432)
               not set up for use with LaTeX.

See the LaTeX manual or LaTeX Companion for explanation.
Type  H <return>  for immediate help.
 ...                                              
                                                  
l.13 ...∞–≤–Ω–µ–Ω–∏–µ~\ref{eq:after} (–Ω–µ–ø—Ä–∞–≤
                                                  –∏–ª—å–Ω–∞—è)\\
You may provide a definition with
\DeclareUnicodeCharacter 


! LaTeX Error: Unicode character –∏ (U+0438)
               not set up for use with LaTeX.

See the LaTeX manual or LaTeX Companion for explanation.
Type  H <return>  for immediate help.
 ...                                              
                                                  
l.13 ...≤–Ω–µ–Ω–∏–µ~\ref{eq:after} (–Ω–µ–ø—Ä–∞–≤–∏
                                                  –ª—å–Ω–∞—è)\\
You may provide a definition with
\DeclareUnicodeCharacter 


! LaTeX Error: Unicode character –ª (U+043B)
               not set up for use with LaTeX.

See the LaTeX manual or LaTeX Companion for explanation.
Type  H <return>  for immediate help.
 ...                                              
                                                  
l.13 ...Ω–µ–Ω–∏–µ~\ref{eq:after} (–Ω–µ–ø—Ä–∞–≤–∏–ª
                                                  —å–Ω–∞—è)\\
You may provide a definition with
\DeclareUnicodeCharacter 


! LaTeX Error: Unicode character —å (U+044C)
               not set up for use with LaTeX.

See the LaTeX manual or LaTeX Companion for explanation.
Type  H <return>  for immediate help.
 ...                                              
                                                  
l.13 ...µ–Ω–∏–µ~\ref{eq:after} (–Ω–µ–ø—Ä–∞–≤–∏–ª—å
                                                  –Ω–∞—è)\\
You may provide a definition with
\DeclareUnicodeCharacter 


! LaTeX Error: Unicode character –Ω (U+043D)
               not set up for use with LaTeX.

See the LaTeX manual or LaTeX Companion for explanation.
Type  H <return>  for immediate help.
 ...                                              
                                                  
l.13 ...Ω–∏–µ~\ref{eq:after} (–Ω–µ–ø—Ä–∞–≤–∏–ª—å–Ω
                                                  –∞—è)\\
You may provide a definition with
\DeclareUnicodeCharacter 


! LaTeX Error: Unicode character –∞ (U+0430)
               not set up for use with LaTeX.

See the LaTeX manual or LaTeX Companion for explanation.
Type  H <return>  for immediate help.
 ...                                              
                                                  
l.13 ...∏–µ~\ref{eq:after} (–Ω–µ–ø—Ä–∞–≤–∏–ª—å–Ω–∞
                                                  —è)\\
You may provide a definition with
\DeclareUnicodeCharacter 


! LaTeX Error: Unicode character —è (U+044F)
               not set up for use with LaTeX.

See the LaTeX manual or LaTeX Companion for explanation.
Type  H <return>  for immediate help.
 ...                                              
                                                  
l.13 ...µ~\ref{eq:after} (–Ω–µ–ø—Ä–∞–≤–∏–ª—å–Ω–∞—è
                                                  )\\
You may provide a definition with
\DeclareUnicodeCharacter 


! LaTeX Error: Unicode character –° (U+0421)
               not set up for use with LaTeX.

See the LaTeX manual or LaTeX Companion for explanation.
Type  H <return>  for immediate help.
 ...                                              
                                                  
l.14 –°
       —Å—ã–ª–∫–∞ –Ω–∞ —É—Ä–∞–≤–Ω–µ–Ω–∏–µ~\ref{eq:inside} (–ø—Ä–∞–≤–∏–ª—å–Ω–...

You may provide a definition with
\DeclareUnicodeCharacter 


! LaTeX Error: Unicode character —Å (U+0441)
               not set up for use with LaTeX.

See the LaTeX manual or LaTeX Companion for explanation.
Type  H <return>  for immediate help.
 ...                                              
                                                  
l.14 –°—Å
         —ã–ª–∫–∞ –Ω–∞ —É—Ä–∞–≤–Ω–µ–Ω–∏–µ~\ref{eq:inside} (–ø—Ä–∞–≤–∏–ª—å–Ω–...

You may provide a definition with
\DeclareUnicodeCharacter 


! LaTeX Error: Unicode character —ã (U+044B)
               not set up for use with LaTeX.

See the LaTeX manual or LaTeX Companion for explanation.
Type  H <return>  for immediate help.
 ...                                              
                                                  
l.14 –°—Å—ã
           –ª–∫–∞ –Ω–∞ —É—Ä–∞–≤–Ω–µ–Ω–∏–µ~\ref{eq:inside} (–ø—Ä–∞–≤–∏–ª—å–Ω–...

You may provide a definition with
\DeclareUnicodeCharacter 


! LaTeX Error: Unicode character –ª (U+043B)
               not set up for use with LaTeX.

See the LaTeX manual or LaTeX Companion for explanation.
Type  H <return>  for immediate help.
 ...                                              
                                                  
l.14 –°—Å—ã–ª
             –∫–∞ –Ω–∞ —É—Ä–∞–≤–Ω–µ–Ω–∏–µ~\ref{eq:inside} (–ø—Ä–∞–≤–∏–ª—å–Ω–...

You may provide a definition with
\DeclareUnicodeCharacter 


! LaTeX Error: Unicode character –∫ (U+043A)
               not set up for use with LaTeX.

See the LaTeX manual or LaTeX Companion for explanation.
Type  H <return>  for immediate help.
 ...                                              
                                                  
l.14 –°—Å—ã–ª–∫
               –∞ –Ω–∞ —É—Ä–∞–≤–Ω–µ–Ω–∏–µ~\ref{eq:inside} (–ø—Ä–∞–≤–∏–ª—å–Ω–...

You may provide a definition with
\DeclareUnicodeCharacter 


! LaTeX Error: Unicode character –∞ (U+0430)
               not set up for use with LaTeX.

See the LaTeX manual or LaTeX Companion for explanation.
Type  H <return>  for immediate help.
 ...                                              
                                                  
l.14 –°—Å—ã–ª–∫–∞
                  –Ω–∞ —É—Ä–∞–≤–Ω–µ–Ω–∏–µ~\ref{eq:inside} (–ø—Ä–∞–≤–∏–ª—å–Ω–...

You may provide a definition with
\DeclareUnicodeCharacter 


! LaTeX Error: Unicode character –Ω (U+043D)
               not set up for use with LaTeX.

See the LaTeX manual or LaTeX Companion for explanation.
Type  H <return>  for immediate help.
 ...                                              
                                                  
l.14 –°—Å—ã–ª–∫–∞ –Ω
                    –∞ —É—Ä–∞–≤–Ω–µ–Ω–∏–µ~\ref{eq:inside} (–ø—Ä–∞–≤–∏–ª—å–Ω–...

You may provide a definition with
\DeclareUnicodeCharacter 


! LaTeX Error: Unicode character –∞ (U+0430)
               not set up for use with LaTeX.

See the LaTeX manual or LaTeX Companion for explanation.
Type  H <return>  for immediate help.
 ...                                              
                                                  
l.14 –°—Å—ã–ª–∫–∞ –Ω–∞
                       —É—Ä–∞–≤–Ω–µ–Ω–∏–µ~\ref{eq:inside} (–ø—Ä–∞–≤–∏–ª—å–Ω–...

You may provide a definition with
\DeclareUnicodeCharacter 


! LaTeX Error: Unicode character —É (U+0443)
               not set up for use with LaTeX.

See the LaTeX manual or LaTeX Companion for explanation.
Type  H <return>  for immediate help.
 ...                                              
                                                  
l.14 –°—Å—ã–ª–∫–∞ –Ω–∞ —É
                         —Ä–∞–≤–Ω–µ–Ω–∏–µ~\ref{eq:inside} (–ø—Ä–∞–≤–∏–ª—å–Ω–...

You may provide a definition with
\DeclareUnicodeCharacter 


! LaTeX Error: Unicode character —Ä (U+0440)
               not set up for use with LaTeX.

See the LaTeX manual or LaTeX Companion for explanation.
Type  H <return>  for immediate help.
 ...                                              
                                                  
l.14 –°—Å—ã–ª–∫–∞ –Ω–∞ —É—Ä
                           –∞–≤–Ω–µ–Ω–∏–µ~\ref{eq:inside} (–ø—Ä–∞–≤–∏–ª—å–Ω–...

You may provide a definition with
\DeclareUnicodeCharacter 


! LaTeX Error: Unicode character –∞ (U+0430)
               not set up for use with LaTeX.

See the LaTeX manual or LaTeX Companion for explanation.
Type  H <return>  for immediate help.
 ...                                              
                                                  
l.14 –°—Å—ã–ª–∫–∞ –Ω–∞ —É—Ä–∞
                             –≤–Ω–µ–Ω–∏–µ~\ref{eq:inside} (–ø—Ä–∞–≤–∏–ª—å–Ω–...

You may provide a definition with
\DeclareUnicodeCharacter 


! LaTeX Error: Unicode character –≤ (U+0432)
               not set up for use with LaTeX.

See the LaTeX manual or LaTeX Companion for explanation.
Type  H <return>  for immediate help.
 ...                                              
                                                  
l.14 –°—Å—ã–ª–∫–∞ –Ω–∞ —É—Ä–∞–≤
                               –Ω–µ–Ω–∏–µ~\ref{eq:inside} (–ø—Ä–∞–≤–∏–ª—å–Ω–...

You may provide a definition with
\DeclareUnicodeCharacter 


! LaTeX Error: Unicode character –Ω (U+043D)
               not set up for use with LaTeX.

See the LaTeX manual or LaTeX Companion for explanation.
Type  H <return>  for immediate help.
 ...                                              
                                                  
l.14 –°—Å—ã–ª–∫–∞ –Ω–∞ —É—Ä–∞–≤–Ω
                                 –µ–Ω–∏–µ~\ref{eq:inside} (–ø—Ä–∞–≤–∏–ª—å–Ω–...

You may provide a definition with
\DeclareUnicodeCharacter 


! LaTeX Error: Unicode character –µ (U+0435)
               not set up for use with LaTeX.

See the LaTeX manual or LaTeX Companion for explanation.
Type  H <return>  for immediate help.
 ...                                              
                                                  
l.14 –°—Å—ã–ª–∫–∞ –Ω–∞ —É—Ä–∞–≤–Ω–µ
                                   –Ω–∏–µ~\ref{eq:inside} (–ø—Ä–∞–≤–∏–ª—å–Ω–...

You may provide a definition with
\DeclareUnicodeCharacter 


! LaTeX Error: Unicode character –Ω (U+043D)
               not set up for use with LaTeX.

See the LaTeX manual or LaTeX Companion for explanation.
Type  H <return>  for immediate help.
 ...                                              
                                                  
l.14 –°—Å—ã–ª–∫–∞ –Ω–∞ —É—Ä–∞–≤–Ω–µ–Ω
                                     –∏–µ~\ref{eq:inside} (–ø—Ä–∞–≤–∏–ª—å–Ω–...

You may provide a definition with
\DeclareUnicodeCharacter 


! LaTeX Error: Unicode character –∏ (U+0438)
               not set up for use with LaTeX.

See the LaTeX manual or LaTeX Companion for explanation.
Type  H <return>  for immediate help.
 ...                                              
                                                  
l.14 –°—Å—ã–ª–∫–∞ –Ω–∞ —É—Ä–∞–≤–Ω–µ–Ω–∏
                                       –µ~\ref{eq:inside} (–ø—Ä–∞–≤–∏–ª—å–Ω–...

You may provide a definition with
\DeclareUnicodeCharacter 


! LaTeX Error: Unicode character –µ (U+0435)
               not set up for use with LaTeX.

See the LaTeX manual or LaTeX Companion for explanation.
Type  H <return>  for immediate help.
 ...                                              
                                                  
l.14 –°—Å—ã–ª–∫–∞ –Ω–∞ —É—Ä–∞–≤–Ω–µ–Ω–∏–µ
                                         ~\ref{eq:inside} (–ø—Ä–∞–≤–∏–ª—å–Ω–...

You may provide a definition with
\DeclareUnicodeCharacter 


LaTeX Warning: Reference `eq:inside' on page 1 undefined on input line 14.


! LaTeX Error: Unicode character –ø (U+043F)
               not set up for use with LaTeX.

See the LaTeX manual or LaTeX Companion for explanation.
Type  H <return>  for immediate help.
 ...                                              
                                                  
l.14 ...Ω–∞ —É—Ä–∞–≤–Ω–µ–Ω–∏–µ~\ref{eq:inside} (–ø
                                                  —Ä–∞–≤–∏–ª—å–Ω–∞—è)
You may provide a definition with
\DeclareUnicodeCharacter 


! LaTeX Error: Unicode character —Ä (U+0440)
               not set up for use with LaTeX.

See the LaTeX manual or LaTeX Companion for explanation.
Type  H <return>  for immediate help.
 ...                                              
                                                  
l.14 ...∞ —É—Ä–∞–≤–Ω–µ–Ω–∏–µ~\ref{eq:inside} (–ø—Ä
                                                  –∞–≤–∏–ª—å–Ω–∞—è)
You may provide a definition with
\DeclareUnicodeCharacter 


! LaTeX Error: Unicode character –∞ (U+0430)
               not set up for use with LaTeX.

See the LaTeX manual or LaTeX Companion for explanation.
Type  H <return>  for immediate help.
 ...                                              
                                                  
l.14 ...—É—Ä–∞–≤–Ω–µ–Ω–∏–µ~\ref{eq:inside} (–ø—Ä–∞
                                                  –≤–∏–ª—å–Ω–∞—è)
You may provide a definition with
\DeclareUnicodeCharacter 


! LaTeX Error: Unicode character –≤ (U+0432)
               not set up for use with LaTeX.

See the LaTeX manual or LaTeX Companion for explanation.
Type  H <return>  for immediate help.
 ...                                              
                                                  
l.14 ...—Ä–∞–≤–Ω–µ–Ω–∏–µ~\ref{eq:inside} (–ø—Ä–∞–≤
                                                  –∏–ª—å–Ω–∞—è)
You may provide a definition with
\DeclareUnicodeCharacter 


! LaTeX Error: Unicode character –∏ (U+0438)
               not set up for use with LaTeX.

See the LaTeX manual or LaTeX Companion for explanation.
Type  H <return>  for immediate help.
 ...                                              
                                                  
l.14 ...–∞–≤–Ω–µ–Ω–∏–µ~\ref{eq:inside} (–ø—Ä–∞–≤–∏
                                                  –ª—å–Ω–∞—è)
You may provide a definition with
\DeclareUnicodeCharacter 


! LaTeX Error: Unicode character –ª (U+043B)
               not set up for use with LaTeX.

See the LaTeX manual or LaTeX Companion for explanation.
Type  H <return>  for immediate help.
 ...                                              
                                                  
l.14 ...–≤–Ω–µ–Ω–∏–µ~\ref{eq:inside} (–ø—Ä–∞–≤–∏–ª
                                                  —å–Ω–∞—è)
You may provide a definition with
\DeclareUnicodeCharacter 


! LaTeX Error: Unicode character —å (U+044C)
               not set up for use with LaTeX.

See the LaTeX manual or LaTeX Companion for explanation.
Type  H <return>  for immediate help.
 ...                                              
                                                  
l.14 ...–Ω–µ–Ω–∏–µ~\ref{eq:inside} (–ø—Ä–∞–≤–∏–ª—å
                                                  –Ω–∞—è)
You may provide a definition with
\DeclareUnicodeCharacter 


! LaTeX Error: Unicode character –Ω (U+043D)
               not set up for use with LaTeX.

See the LaTeX manual or LaTeX Companion for explanation.
Type  H <return>  for immediate help.
 ...                                              
                                                  
l.14 ...–µ–Ω–∏–µ~\ref{eq:inside} (–ø—Ä–∞–≤–∏–ª—å–Ω
                                                  –∞—è)
You may provide a definition with
\DeclareUnicodeCharacter 


! LaTeX Error: Unicode character –∞ (U+0430)
               not set up for use with LaTeX.

See the LaTeX manual or LaTeX Companion for explanation.
Type  H <return>  for immediate help.
 ...                                              
                                                  
l.14 ...–Ω–∏–µ~\ref{eq:inside} (–ø—Ä–∞–≤–∏–ª—å–Ω–∞
                                                  —è)
You may provide a definition with
\DeclareUnicodeCharacter 


! LaTeX Error: Unicode character —è (U+044F)
               not set up for use with LaTeX.

See the LaTeX manual or LaTeX Companion for explanation.
Type  H <return>  for immediate help.
 ...                                              
                                                  
l.14 ...–∏–µ~\ref{eq:inside} (–ø—Ä–∞–≤–∏–ª—å–Ω–∞—è
                                                  )
You may provide a definition with
\DeclareUnicodeCharacter 



[1

{c:/texlive/2025/texmf-var/fonts/map/pdftex/updmap/pdftex.map}]
(./question7.aux)
 ***********
LaTeX2e <2025-06-01> patch level 1
L3 programming layer <2025-09-02>
 ***********


LaTeX Warning: There were undefined references.


LaTeX Warning: Label(s) may have changed. Rerun to get cross-references right.

 ) 
Here is how much of TeX's memory you used:
 1152 strings out of 469734
 16969 string characters out of 5481497
 431987 words of memory out of 5000000
 29614 multiletter control sequences out of 15000+600000
 627587 words of font info for 43 fonts, out of 8000000 for 9000
 36 hyphenation exceptions out of 8191
 56i,5n,65p,205b,120s stack positions out of 10000i,1000n,20000p,200000b,200000s
<c:/texlive/2025/texmf-dist/fonts/type1/public/amsfonts/cm/cmbx10.pfb><c:/tex
live/2025/texmf-dist/fonts/type1/public/amsfonts/cm/cmmi10.pfb><c:/texlive/2025
/texmf-dist/fonts/type1/public/amsfonts/cm/cmr10.pfb><c:/texlive/2025/texmf-dis
t/fonts/type1/public/amsfonts/cm/cmr7.pfb>
Output written on question7.pdf (1 page, 37067 bytes).
PDF statistics:
 28 PDF objects out of 1000 (max. 8388607)
 16 compressed objects within 1 object stream
 0 named destinations out of 1000 (max. 500000)
 1 words of extra memory for PDF output out of 10000 (max. 10000000)

